[[[[[ /opt/PISRS ]]]]]

=> Started proxy.
[34mI20160519-11:40:18.865(8)? [39mfixture-----------statistics--visits------------start---------
[34mW20160519-11:40:18.869(8)? (STDERR) [39m[35m[39m
[34mW20160519-11:40:18.870(8)? (STDERR) [39m[35m/root/.meteor/packages/meteor-tool/.1.3.2_4.1e1kgpj++os.linux.x86_64+web.browser+web.cordova/mt-os.linux.x86_64/dev_bundle/server-lib/node_modules/fibers/future.js:267[39m
[34mW20160519-11:40:18.870(8)? (STDERR) [39m[35m						throw(ex);[39m
[34mW20160519-11:40:18.871(8)? (STDERR) [39m[35m						      ^[39m
[34mW20160519-11:40:18.871(8)? (STDERR) [39m[35mTypeError: Object 1462064400000 has no method 'getHours'[39m
[34mW20160519-11:40:18.872(8)? (STDERR) [39m[35m    at server/lib/fixture.js:125:39[39m
[34mW20160519-11:40:18.872(8)? (STDERR) [39m[35m    at /opt/PISRS/.meteor/local/build/programs/server/boot.js:290:5[39m
=> Exited with code: 8
=> Meteor server restarted
=> Started your app.

=> App running at: http://localhost:4000/
=> Server modified -- restarting...                                   => Meteor server restarted
=> Server modified -- restarting...                                   => Server modified -- restarting...                                   [34mI20160519-11:48:35.919(8)? [39mfixture-----------statistics--visits------------start---------
[34mI20160519-11:48:37.918(8)? [39mfixture----------statistics--visits--------------end---------
=> Meteor server restarted
=> Server modified -- restarting...                                   => Server modified -- restarting...                                   [34mI20160519-11:49:14.401(8)? [39mfixture-----------statistics--visits------------start---------
[34mI20160519-11:49:16.014(8)? [39mfixture----------statistics--visits--------------end---------
=> Meteor server restarted
=> Client modified -- refreshing
=> Server modified -- restarting...                                   => Meteor server restarted
=> Client modified -- refreshing
Unable to resolve some modules:

  "echarts" in /opt/PISRS/client/statistics/visits.js (web.browser)

If you notice problems related to these missing modules, consider running:

  meteor npm install --save echarts

=> Client modified -- refreshing (x2)
=> Server modified -- restarting...
Unable to resolve some modules:

  "echarts" in /opt/PISRS/client/statistics/visits.js (web.browser)

If you notice problems related to these missing modules, consider running:

  meteor npm install --save echarts

